Array
(
    [parent_product_id] => 38019
    [parent_item_key] => ee0a41c7d25d6a603f469f6fa88d707b
)
Array
(
    [parent_product_id] => 38019
    [parent_item_key] => a426fd5c81aee610f025569b1a959b60
)
Array
(
    [parent_product_id] => 38019
    [parent_item_key] => c8256000c9048170b91488cafe7c1250
)
Array
(
    [parent_product_id] => 38019
    [parent_item_key] => 5630dd0b5877d4593b5b480b6d572447
)
Array
(
    [parent_product_id] => 38019
    [parent_item_key] => a426fd5c81aee610f025569b1a959b60
)
Array
(
    [parent_product_id] => 38019
    [parent_item_key] => a426fd5c81aee610f025569b1a959b60
)
Array
(
    [parent_product_id] => 38019
    [parent_item_key] => d03a9d01c6b1deaf037871b4138decdd
)
Array
(
    [parent_product_id] => 38019
    [parent_item_key] => 267bfae50aecef7839c2f742734a2647
)
Array
(
    [parent_product_id] => 38019
    [parent_item_key] => 266dac4b2e843c923a3c981928fd41d1
)
Array
(
    [parent_product_id] => 38019
    [parent_item_key] => 2515809c209a3216001adbfba3df85c7
)
Array
(
    [parent_product_id] => 38019
    [parent_item_key] => 280ce3a7962a62b47b15e7c9e24034d4
)
Array
(
    [parent_product_id] => 38019
    [parent_item_key] => a426fd5c81aee610f025569b1a959b60
)
Array
(
    [parent_product_id] => 38019
    [parent_item_key] => d03a9d01c6b1deaf037871b4138decdd
)
Array
(
    [parent_product_id] => 38019
    [parent_item_key] => a426fd5c81aee610f025569b1a959b60
)
Array
(
    [parent_product_id] => 38019
    [parent_item_key] => ee8ebdba5e467e8b00bb8c072a0ddadb
)
Array
(
    [parent_product_id] => 38019
    [parent_item_key] => a083caef4f39e62fd800c9ccda4c0557
)
Array
(
    [parent_product_id] => 38019
    [parent_item_key] => 7ba03e1ce047d91f7b68b483d1e0ef6f
)
Array
(
    [parent_product_id] => 38019
    [parent_item_key] => a426fd5c81aee610f025569b1a959b60
)
Array
(
    [parent_product_id] => 38019
    [parent_item_key] => a426fd5c81aee610f025569b1a959b60
)
Array
(
    [parent_product_id] => 38019
    [parent_item_key] => 267bfae50aecef7839c2f742734a2647
)
Array
(
    [parent_product_id] => 38019
    [parent_item_key] => d03a9d01c6b1deaf037871b4138decdd
)
